Using pre-set license
Built from '2021.1/release' branch; Version is '2021.1.1f1 (6fdc41dfa55a) revision 7330881'; Using compiler version '192528614'; Build Type 'Release'
OS: 'Windows 10 Home; OS build 18363.1379; Version 1909; 64bit' Language: 'en' Physical Memory: 16332 MB
BatchMode: 1, IsHumanControllingUs: 0, StartBugReporterOnCrash: 0, Is64bit: 1, IsPro: 0

 COMMAND LINE ARGUMENTS:
C:\Program Files\Unity\Hub\Editor\2021.1.1f1\Editor\Unity.exe
-adb2
-batchMode
-noUpm
-name
AssetImportWorker0
-projectPath
C:/Users/Master/Documents/GitHub/NavMeshComponetsTest
-logFile
Logs/AssetImportWorker0.log
-srvPort
56108
Successfully changed project path to: C:/Users/Master/Documents/GitHub/NavMeshComponetsTest
C:/Users/Master/Documents/GitHub/NavMeshComponetsTest
Using Asset Import Pipeline V2.
Refreshing native plugins compatible for Editor in 23.80 ms, found 0 plugins.
Preloading 0 native plugins for Editor in 0.00 ms.
Initialize engine version: 2021.1.1f1 (6fdc41dfa55a)
[Subsystems] Discovering subsystems at path C:/Program Files/Unity/Hub/Editor/2021.1.1f1/Editor/Data/Resources/UnitySubsystems
[Subsystems] Discovering subsystems at path C:/Users/Master/Documents/GitHub/NavMeshComponetsTest/Assets
GfxDevice: creating device client; threaded=0; jobified=0
Direct3D:
    Version:  Direct3D 11.0 [level 11.1]
    Renderer: AMD Radeon (TM) R9 390 Series (ID=0x67b1)
    Vendor:   ATI
    VRAM:     8168 MB
    Driver:   27.20.14501.28009
Initialize mono
Mono path[0] = 'C:/Program Files/Unity/Hub/Editor/2021.1.1f1/Editor/Data/Managed'
Mono path[1] = 'C:/Program Files/Unity/Hub/Editor/2021.1.1f1/Editor/Data/MonoBleedingEdge/lib/mono/unityjit'
Mono config path = 'C:/Program Files/Unity/Hub/Editor/2021.1.1f1/Editor/Data/MonoBleedingEdge/etc'
Using monoOptions --debugger-agent=transport=dt_socket,embedding=1,server=y,suspend=n,address=127.0.0.1:56324
Begin MonoManager ReloadAssembly
Registering precompiled unity dll's ...
Register platform support module: C:/Program Files/Unity/Hub/Editor/2021.1.1f1/Editor/Data/PlaybackEngines/WindowsStandaloneSupport/UnityEditor.WindowsStandalone.Extensions.dll
Registered in 0.003247 seconds.
Native extension for WindowsStandalone target not found
Refreshing native plugins compatible for Editor in 23.78 ms, found 0 plugins.
Preloading 0 native plugins for Editor in 0.00 ms.
Mono: successfully reloaded assembly
- Completed reload, in  1.840 seconds
Platform modules already initialized, skipping
Registering precompiled user dll's ...
Registered in 0.001032 seconds.
Begin MonoManager ReloadAssembly
Native extension for WindowsStandalone target not found
Refreshing native plugins compatible for Editor in 0.28 ms, found 0 plugins.
Preloading 0 native plugins for Editor in 0.00 ms.
Mono: successfully reloaded assembly
- Completed reload, in  1.261 seconds
Platform modules already initialized, skipping
========================================================================
Worker process is ready to serve import requests
Launched and connected shader compiler UnityShaderCompiler.exe after 0.06 seconds
Refreshing native plugins compatible for Editor in 0.17 ms, found 0 plugins.
Preloading 0 native plugins for Editor in 0.00 ms.
Unloading 598 Unused Serialized files (Serialized files now loaded: 0)
System memory in use before: 52.7 MB.
System memory in use after: 52.7 MB.

Unloading 9 unused Assets to reduce memory usage. Loaded Objects now: 1071.
Total: 2.139100 ms (FindLiveObjects: 0.127000 ms CreateObjectMapping: 0.033300 ms MarkObjects: 1.910200 ms  DeleteObjects: 0.067600 ms)

========================================================================
Received Import Request.
  path: ProjectSettings/TagManager.asset
  artifactKey: Guid(00000000000000003000000000000000) Importer(815301076,1909f56bfc062723c751e8b465ee728b)
Start importing ProjectSettings/TagManager.asset using Guid(00000000000000003000000000000000) Importer(815301076,1909f56bfc062723c751e8b465ee728b)  -> (artifact id: '61fe27d49358f848c854dc533d7c3f8b') in 0.041531 seconds 
========================================================================
Received Import Request.
  Time since last request: 480.113200 seconds.
  path: Assets/Sphere.prefab
  artifactKey: Guid(ec684480f05045e44bad20c16d744b01) Importer(815301076,1909f56bfc062723c751e8b465ee728b)
Start importing Assets/Sphere.prefab using Guid(ec684480f05045e44bad20c16d744b01) Importer(815301076,1909f56bfc062723c751e8b465ee728b)  -> (artifact id: '98715071bcb5458a2797d2c9725264bc') in 0.150803 seconds 
========================================================================
Received Prepare
Registering precompiled user dll's ...
Registered in 0.000949 seconds.
Begin MonoManager ReloadAssembly
Native extension for WindowsStandalone target not found
Refreshing native plugins compatible for Editor in 0.19 ms, found 0 plugins.
Preloading 0 native plugins for Editor in 0.00 ms.
Mono: successfully reloaded assembly
- Completed reload, in  1.251 seconds
Platform modules already initialized, skipping
Refreshing native plugins compatible for Editor in 0.19 ms, found 0 plugins.
Preloading 0 native plugins for Editor in 0.00 ms.
Unloading 593 Unused Serialized files (Serialized files now loaded: 0)
System memory in use before: 56.4 MB.
System memory in use after: 56.4 MB.

Unloading 6 unused Assets to reduce memory usage. Loaded Objects now: 1082.
Total: 2.178500 ms (FindLiveObjects: 0.137700 ms CreateObjectMapping: 0.036400 ms MarkObjects: 1.952600 ms  DeleteObjects: 0.050100 ms)

========================================================================
Received Import Request.
  Time since last request: 333.624958 seconds.
  path: Assets/Sphere.prefab
  artifactKey: Guid(ec684480f05045e44bad20c16d744b01) Importer(815301076,1909f56bfc062723c751e8b465ee728b)
Start importing Assets/Sphere.prefab using Guid(ec684480f05045e44bad20c16d744b01) Importer(815301076,1909f56bfc062723c751e8b465ee728b)  -> (artifact id: '1e59cd79238a32c79ffadd2255614a25') in 0.079784 seconds 
========================================================================
Received Prepare
Registering precompiled user dll's ...
Registered in 0.001097 seconds.
Begin MonoManager ReloadAssembly
Native extension for WindowsStandalone target not found
Refreshing native plugins compatible for Editor in 0.18 ms, found 0 plugins.
Preloading 0 native plugins for Editor in 0.00 ms.
Mono: successfully reloaded assembly
- Completed reload, in  1.259 seconds
Platform modules already initialized, skipping
Refreshing native plugins compatible for Editor in 0.17 ms, found 0 plugins.
Preloading 0 native plugins for Editor in 0.00 ms.
Unloading 594 Unused Serialized files (Serialized files now loaded: 0)
System memory in use before: 56.4 MB.
System memory in use after: 56.5 MB.

Unloading 5 unused Assets to reduce memory usage. Loaded Objects now: 1087.
Total: 2.110500 ms (FindLiveObjects: 0.145500 ms CreateObjectMapping: 0.034900 ms MarkObjects: 1.907100 ms  DeleteObjects: 0.019700 ms)

========================================================================
Received Import Request.
  Time since last request: 502.911728 seconds.
  path: Assets/Sphere.prefab
  artifactKey: Guid(ec684480f05045e44bad20c16d744b01) Importer(815301076,1909f56bfc062723c751e8b465ee728b)
Start importing Assets/Sphere.prefab using Guid(ec684480f05045e44bad20c16d744b01) Importer(815301076,1909f56bfc062723c751e8b465ee728b)  -> (artifact id: '1448111c7d03de43bad692ec7d661f0d') in 0.089604 seconds 
========================================================================
Received Import Request.
  Time since last request: 420.316936 seconds.
  path: Assets/pickup.cs
  artifactKey: Guid(6ab2fdbe085aafc43afd6df5c2379aef) Importer(815301076,1909f56bfc062723c751e8b465ee728b)
Start importing Assets/pickup.cs using Guid(6ab2fdbe085aafc43afd6df5c2379aef) Importer(815301076,1909f56bfc062723c751e8b465ee728b)  -> (artifact id: 'eee43556a222a254632d8d1785ae8f6f') in 0.016060 seconds 
========================================================================
Received Prepare
Registering precompiled user dll's ...
Registered in 0.001057 seconds.
Begin MonoManager ReloadAssembly
Native extension for WindowsStandalone target not found
Refreshing native plugins compatible for Editor in 0.19 ms, found 0 plugins.
Preloading 0 native plugins for Editor in 0.00 ms.
Mono: successfully reloaded assembly
- Completed reload, in  1.189 seconds
Platform modules already initialized, skipping
Refreshing native plugins compatible for Editor in 0.17 ms, found 0 plugins.
Preloading 0 native plugins for Editor in 0.00 ms.
Unloading 593 Unused Serialized files (Serialized files now loaded: 0)
System memory in use before: 56.4 MB.
System memory in use after: 56.5 MB.

Unloading 6 unused Assets to reduce memory usage. Loaded Objects now: 1090.
Total: 1.961000 ms (FindLiveObjects: 0.123900 ms CreateObjectMapping: 0.034300 ms MarkObjects: 1.782200 ms  DeleteObjects: 0.019600 ms)

========================================================================
Received Prepare
Registering precompiled user dll's ...
Registered in 0.001215 seconds.
Begin MonoManager ReloadAssembly
Native extension for WindowsStandalone target not found
Refreshing native plugins compatible for Editor in 0.18 ms, found 0 plugins.
Preloading 0 native plugins for Editor in 0.00 ms.
Mono: successfully reloaded assembly
- Completed reload, in  1.308 seconds
Platform modules already initialized, skipping
Refreshing native plugins compatible for Editor in 0.18 ms, found 0 plugins.
Preloading 0 native plugins for Editor in 0.00 ms.
Unloading 594 Unused Serialized files (Serialized files now loaded: 0)
System memory in use before: 56.5 MB.
System memory in use after: 56.5 MB.

Unloading 4 unused Assets to reduce memory usage. Loaded Objects now: 1094.
Total: 2.044600 ms (FindLiveObjects: 0.147200 ms CreateObjectMapping: 0.033700 ms MarkObjects: 1.848400 ms  DeleteObjects: 0.014300 ms)

========================================================================
Received Prepare
Registering precompiled user dll's ...
Registered in 0.000903 seconds.
Begin MonoManager ReloadAssembly
Native extension for WindowsStandalone target not found
Refreshing native plugins compatible for Editor in 0.18 ms, found 0 plugins.
Preloading 0 native plugins for Editor in 0.00 ms.
Mono: successfully reloaded assembly
- Completed reload, in  1.272 seconds
Platform modules already initialized, skipping
Refreshing native plugins compatible for Editor in 0.19 ms, found 0 plugins.
Preloading 0 native plugins for Editor in 0.00 ms.
Unloading 594 Unused Serialized files (Serialized files now loaded: 0)
System memory in use before: 56.5 MB.
System memory in use after: 56.5 MB.

Unloading 4 unused Assets to reduce memory usage. Loaded Objects now: 1097.
Total: 2.200800 ms (FindLiveObjects: 0.202800 ms CreateObjectMapping: 0.040600 ms MarkObjects: 1.938100 ms  DeleteObjects: 0.018000 ms)

========================================================================
Received Import Request.
  Time since last request: 109.895670 seconds.
  path: Assets/Sphere.prefab
  artifactKey: Guid(ec684480f05045e44bad20c16d744b01) Importer(815301076,1909f56bfc062723c751e8b465ee728b)
Start importing Assets/Sphere.prefab using Guid(ec684480f05045e44bad20c16d744b01) Importer(815301076,1909f56bfc062723c751e8b465ee728b)  -> (artifact id: '1303556ec37f096ebe1ec8e7b890fb33') in 0.109296 seconds 
========================================================================
Received Import Request.
  Time since last request: 0.000222 seconds.
  path: Assets/Point.cs
  artifactKey: Guid(e913126ee0afb30468ea71ad6842097f) Importer(815301076,1909f56bfc062723c751e8b465ee728b)
Start importing Assets/Point.cs using Guid(e913126ee0afb30468ea71ad6842097f) Importer(815301076,1909f56bfc062723c751e8b465ee728b)  -> (artifact id: '11fd8b9aae7f8049d02d70a88cfa14a2') in 0.009929 seconds 
========================================================================
Received Import Request.
  Time since last request: 19.987459 seconds.
  path: Assets/Point.cs
  artifactKey: Guid(e913126ee0afb30468ea71ad6842097f) Importer(815301076,1909f56bfc062723c751e8b465ee728b)
Start importing Assets/Point.cs using Guid(e913126ee0afb30468ea71ad6842097f) Importer(815301076,1909f56bfc062723c751e8b465ee728b)  -> (artifact id: 'd880937248d2315596162c6775005f95') in 0.004488 seconds 
========================================================================
Received Import Request.
  Time since last request: 35.257143 seconds.
  path: Assets/Point.cs
  artifactKey: Guid(e913126ee0afb30468ea71ad6842097f) Importer(815301076,1909f56bfc062723c751e8b465ee728b)
Start importing Assets/Point.cs using Guid(e913126ee0afb30468ea71ad6842097f) Importer(815301076,1909f56bfc062723c751e8b465ee728b)  -> (artifact id: '5e1d201bbbc8bd6def5347d8484d1576') in 0.004098 seconds 
========================================================================
Received Prepare
Registering precompiled user dll's ...
Registered in 0.001001 seconds.
Begin MonoManager ReloadAssembly
Native extension for WindowsStandalone target not found
Refreshing native plugins compatible for Editor in 0.24 ms, found 0 plugins.
Preloading 0 native plugins for Editor in 0.00 ms.
Mono: successfully reloaded assembly
- Completed reload, in  1.297 seconds
Platform modules already initialized, skipping
Refreshing native plugins compatible for Editor in 0.18 ms, found 0 plugins.
Preloading 0 native plugins for Editor in 0.00 ms.
Unloading 593 Unused Serialized files (Serialized files now loaded: 0)
System memory in use before: 56.5 MB.
System memory in use after: 56.5 MB.

Unloading 6 unused Assets to reduce memory usage. Loaded Objects now: 1100.
Total: 2.615900 ms (FindLiveObjects: 0.170300 ms CreateObjectMapping: 0.037800 ms MarkObjects: 2.381100 ms  DeleteObjects: 0.024900 ms)

========================================================================
Received Import Request.
  Time since last request: 14.428563 seconds.
  path: Assets/Sphere.prefab
  artifactKey: Guid(ec684480f05045e44bad20c16d744b01) Importer(815301076,1909f56bfc062723c751e8b465ee728b)
Start importing Assets/Sphere.prefab using Guid(ec684480f05045e44bad20c16d744b01) Importer(815301076,1909f56bfc062723c751e8b465ee728b)  -> (artifact id: '1770b761f8bd2bf439fb6953bf738b02') in 0.119608 seconds 
========================================================================
Received Prepare
Registering precompiled user dll's ...
Registered in 0.000957 seconds.
Begin MonoManager ReloadAssembly
Native extension for WindowsStandalone target not found
Refreshing native plugins compatible for Editor in 0.18 ms, found 0 plugins.
Preloading 0 native plugins for Editor in 0.00 ms.
Mono: successfully reloaded assembly
- Completed reload, in  1.197 seconds
Platform modules already initialized, skipping
Refreshing native plugins compatible for Editor in 0.19 ms, found 0 plugins.
Preloading 0 native plugins for Editor in 0.00 ms.
Unloading 593 Unused Serialized files (Serialized files now loaded: 0)
System memory in use before: 56.5 MB.
System memory in use after: 56.5 MB.

Unloading 5 unused Assets to reduce memory usage. Loaded Objects now: 1104.
Total: 2.173200 ms (FindLiveObjects: 0.135100 ms CreateObjectMapping: 0.034200 ms MarkObjects: 1.981300 ms  DeleteObjects: 0.021200 ms)

========================================================================
Received Import Request.
  Time since last request: 185.576603 seconds.
  path: Assets/Sphere.prefab
  artifactKey: Guid(ec684480f05045e44bad20c16d744b01) Importer(815301076,1909f56bfc062723c751e8b465ee728b)
Start importing Assets/Sphere.prefab using Guid(ec684480f05045e44bad20c16d744b01) Importer(815301076,1909f56bfc062723c751e8b465ee728b)  -> (artifact id: 'b04a0d80cd139035b53b4631635ff667') in 0.082973 seconds 
========================================================================
Received Import Request.
  Time since last request: 5.655752 seconds.
  path: Assets/Sphere.prefab
  artifactKey: Guid(ec684480f05045e44bad20c16d744b01) Importer(815301076,1909f56bfc062723c751e8b465ee728b)
Start importing Assets/Sphere.prefab using Guid(ec684480f05045e44bad20c16d744b01) Importer(815301076,1909f56bfc062723c751e8b465ee728b)  -> (artifact id: 'c708827208e2b6aca9c92006c8e7dfbc') in 0.016193 seconds 
========================================================================
Received Import Request.
  Time since last request: 0.391966 seconds.
  path: Assets/Sphere.prefab
  artifactKey: Guid(ec684480f05045e44bad20c16d744b01) Importer(815301076,1909f56bfc062723c751e8b465ee728b)
Start importing Assets/Sphere.prefab using Guid(ec684480f05045e44bad20c16d744b01) Importer(815301076,1909f56bfc062723c751e8b465ee728b)  -> (artifact id: 'fbcbff50df115ee79c173b8558e591be') in 0.018093 seconds 
========================================================================
Received Prepare
Registering precompiled user dll's ...
Registered in 0.001168 seconds.
Begin MonoManager ReloadAssembly
Native extension for WindowsStandalone target not found
Refreshing native plugins compatible for Editor in 0.17 ms, found 0 plugins.
Preloading 0 native plugins for Editor in 0.00 ms.
Mono: successfully reloaded assembly
- Completed reload, in  1.142 seconds
Platform modules already initialized, skipping
Refreshing native plugins compatible for Editor in 0.17 ms, found 0 plugins.
Preloading 0 native plugins for Editor in 0.00 ms.
Unloading 593 Unused Serialized files (Serialized files now loaded: 0)
System memory in use before: 56.5 MB.
System memory in use after: 56.5 MB.

Unloading 5 unused Assets to reduce memory usage. Loaded Objects now: 1108.
Total: 1.981500 ms (FindLiveObjects: 0.126200 ms CreateObjectMapping: 0.033600 ms MarkObjects: 1.802400 ms  DeleteObjects: 0.018000 ms)

========================================================================
Received Import Request.
  Time since last request: 38.327151 seconds.
  path: Assets/Sphere.prefab
  artifactKey: Guid(ec684480f05045e44bad20c16d744b01) Importer(815301076,1909f56bfc062723c751e8b465ee728b)
Start importing Assets/Sphere.prefab using Guid(ec684480f05045e44bad20c16d744b01) Importer(815301076,1909f56bfc062723c751e8b465ee728b)  -> (artifact id: 'cde6295c99fbd5a96302e791b2381cf6') in 0.075975 seconds 
========================================================================
Received Prepare
Registering precompiled user dll's ...
Registered in 0.001123 seconds.
Begin MonoManager ReloadAssembly
Native extension for WindowsStandalone target not found
Refreshing native plugins compatible for Editor in 0.19 ms, found 0 plugins.
Preloading 0 native plugins for Editor in 0.00 ms.
Mono: successfully reloaded assembly
- Completed reload, in  1.179 seconds
Platform modules already initialized, skipping
Refreshing native plugins compatible for Editor in 0.17 ms, found 0 plugins.
Preloading 0 native plugins for Editor in 0.00 ms.
Unloading 593 Unused Serialized files (Serialized files now loaded: 0)
System memory in use before: 56.5 MB.
System memory in use after: 56.6 MB.

Unloading 5 unused Assets to reduce memory usage. Loaded Objects now: 1112.
Total: 1.970100 ms (FindLiveObjects: 0.131200 ms CreateObjectMapping: 0.033700 ms MarkObjects: 1.772600 ms  DeleteObjects: 0.025900 ms)

========================================================================
Received Prepare
Registering precompiled user dll's ...
Registered in 0.001020 seconds.
Begin MonoManager ReloadAssembly
Native extension for WindowsStandalone target not found
Refreshing native plugins compatible for Editor in 0.19 ms, found 0 plugins.
Preloading 0 native plugins for Editor in 0.00 ms.
Mono: successfully reloaded assembly
- Completed reload, in  1.248 seconds
Platform modules already initialized, skipping
Refreshing native plugins compatible for Editor in 0.17 ms, found 0 plugins.
Preloading 0 native plugins for Editor in 0.00 ms.
Unloading 593 Unused Serialized files (Serialized files now loaded: 0)
System memory in use before: 56.5 MB.
System memory in use after: 56.6 MB.

Unloading 4 unused Assets to reduce memory usage. Loaded Objects now: 1115.
Total: 2.307500 ms (FindLiveObjects: 0.223300 ms CreateObjectMapping: 0.055000 ms MarkObjects: 2.004200 ms  DeleteObjects: 0.019500 ms)

========================================================================
Received Import Request.
  Time since last request: 759.010213 seconds.
  path: Assets/Score.cs
  artifactKey: Guid(1af600ebfe87354439350423eeb9e5ce) Importer(815301076,1909f56bfc062723c751e8b465ee728b)
Start importing Assets/Score.cs using Guid(1af600ebfe87354439350423eeb9e5ce) Importer(815301076,1909f56bfc062723c751e8b465ee728b)  -> (artifact id: '90ca605af2c9b44c82e237521a5ccf02') in 0.012835 seconds 
========================================================================
Received Prepare
Registering precompiled user dll's ...
Registered in 0.001299 seconds.
Begin MonoManager ReloadAssembly
Native extension for WindowsStandalone target not found
Refreshing native plugins compatible for Editor in 0.20 ms, found 0 plugins.
Preloading 0 native plugins for Editor in 0.00 ms.
Mono: successfully reloaded assembly
- Completed reload, in  1.482 seconds
Platform modules already initialized, skipping
Refreshing native plugins compatible for Editor in 0.20 ms, found 0 plugins.
Preloading 0 native plugins for Editor in 0.00 ms.
Unloading 594 Unused Serialized files (Serialized files now loaded: 0)
System memory in use before: 56.5 MB.
System memory in use after: 56.6 MB.

Unloading 4 unused Assets to reduce memory usage. Loaded Objects now: 1119.
Total: 2.463700 ms (FindLiveObjects: 0.206300 ms CreateObjectMapping: 0.036700 ms MarkObjects: 2.195900 ms  DeleteObjects: 0.022800 ms)

========================================================================
Received Import Request.
  Time since last request: 671.829242 seconds.
  path: Assets/Score.cs
  artifactKey: Guid(1af600ebfe87354439350423eeb9e5ce) Importer(815301076,1909f56bfc062723c751e8b465ee728b)
Start importing Assets/Score.cs using Guid(1af600ebfe87354439350423eeb9e5ce) Importer(815301076,1909f56bfc062723c751e8b465ee728b)  -> (artifact id: 'ef5e4417cb30b1ed5f0b6eb9a9390fe9') in 0.016223 seconds 
========================================================================
Received Prepare
Registering precompiled user dll's ...
Registered in 0.000913 seconds.
Begin MonoManager ReloadAssembly
Native extension for WindowsStandalone target not found
Refreshing native plugins compatible for Editor in 0.18 ms, found 0 plugins.
Preloading 0 native plugins for Editor in 0.00 ms.
Mono: successfully reloaded assembly
- Completed reload, in  1.208 seconds
Platform modules already initialized, skipping
Refreshing native plugins compatible for Editor in 0.18 ms, found 0 plugins.
Preloading 0 native plugins for Editor in 0.00 ms.
Unloading 593 Unused Serialized files (Serialized files now loaded: 0)
System memory in use before: 56.5 MB.
System memory in use after: 56.6 MB.

Unloading 5 unused Assets to reduce memory usage. Loaded Objects now: 1121.
Total: 2.147700 ms (FindLiveObjects: 0.165700 ms CreateObjectMapping: 0.034200 ms MarkObjects: 1.928600 ms  DeleteObjects: 0.017500 ms)

AssetImportWorkerClient::OnTransportError - code=2 error=End of file
